<?xml version="1.0" encoding="UTF-8"?>
<!-- Generated by org.testng.reporters.JUnitReportReporter -->
<testsuite hostname="C40LAP-12928" name="testpackage.EdgeTest" tests="1" failures="1" timestamp="15 Feb 2022 07:03:01 GMT" time="2.262" errors="0">
  <testcase name="test" time="2.262" classname="testpackage.EdgeTest">
    <failure type="org.openqa.selenium.SessionNotCreatedException" message="session not created: This version of MSEdgeDriver only supports MSEdge version 96
Current browser version is 98.0.1108.50 with binary path C:\Program Files (x86)\Microsoft\Edge\Application\msedge.exe
Build info: version: &#039;3.141.59&#039;, revision: &#039;e82be7d358&#039;, time: &#039;2018-11-14T08:17:03&#039;
System info: host: &#039;C40LAP-12928&#039;, ip: &#039;192.168.0.6&#039;, os.name: &#039;Windows 10&#039;, os.arch: &#039;amd64&#039;, os.version: &#039;10.0&#039;, java.version: &#039;1.8.0_301&#039;
Driver info: driver.version: EdgeDriver
remote stacktrace: Backtrace:
	Microsoft::Applications::Events::ILogConfiguration::ILogConfiguration [0x00007FF69084CB62+56946]
	Microsoft::Applications::Events::EventProperty::to_string [0x00007FF69047A597+949863]
	Microsoft::Applications::Events::EventProperty::to_string [0x00007FF6904A4BE3+1123507]
	Microsoft::Applications::Events::EventProperty::to_string [0x00007FF6904A12B5+1108869]
	Microsoft::Applications::Events::EventProperty::to_string [0x00007FF69049A3D0+1080480]
	Microsoft::Applications::Events::EventProperty::to_string [0x00007FF6904D6378+1326152]
	Microsoft::Applications::Events::EventProperty::to_string [0x00007FF6904D13BF+1305743]
	Microsoft::Applications::Events::EventProperty::to_string [0x00007FF6904A6AA9+1131385]
	Microsoft::Applications::Events::EventProperty::to_string [0x00007FF6904A7B8F+1135711]
	Microsoft::Applications::Events::EventProperty::to_string [0x00007FF69053C2E5+1743797]
	Microsoft::Applications::Events::EventProperty::to_string [0x00007FF69053A771+1736769]
	Microsoft::Applications::Events::EventProperty::EventProperty [0x00007FF69071B519+2521]
	Microsoft::Applications::Events::EventProperty::to_string [0x00007FF6905120AE+1571198]
	Microsoft::Applications::Events::ILogConfiguration::ILogConfiguration [0x00007FF69084576C+27260]
	Microsoft::Applications::Events::ILogConfiguration::ILogConfiguration [0x00007FF6908450E4+25588]
	Microsoft::Applications::Events::ILogConfiguration::ILogConfiguration [0x00007FF690844F36+25158]
	Microsoft::Applications::Events::EventProperties::GetName [0x00007FF6907A02DC+211724]
	BaseThreadInitThunk [0x00007FFD1A957034+20]
	RtlUserThreadStart [0x00007FFD1C762651+33]
">
      <![CDATA[org.openqa.selenium.SessionNotCreatedException: session not created: This version of MSEdgeDriver only supports MSEdge version 96
Current browser version is 98.0.1108.50 with binary path C:\Program Files (x86)\Microsoft\Edge\Application\msedge.exe
Build info: version: '3.141.59', revision: 'e82be7d358', time: '2018-11-14T08:17:03'
System info: host: 'C40LAP-12928', ip: '192.168.0.6', os.name: 'Windows 10', os.arch: 'amd64', os.version: '10.0', java.version: '1.8.0_301'
Driver info: driver.version: EdgeDriver
remote stacktrace: Backtrace:
	Microsoft::Applications::Events::ILogConfiguration::ILogConfiguration [0x00007FF69084CB62+56946]
	Microsoft::Applications::Events::EventProperty::to_string [0x00007FF69047A597+949863]
	Microsoft::Applications::Events::EventProperty::to_string [0x00007FF6904A4BE3+1123507]
	Microsoft::Applications::Events::EventProperty::to_string [0x00007FF6904A12B5+1108869]
	Microsoft::Applications::Events::EventProperty::to_string [0x00007FF69049A3D0+1080480]
	Microsoft::Applications::Events::EventProperty::to_string [0x00007FF6904D6378+1326152]
	Microsoft::Applications::Events::EventProperty::to_string [0x00007FF6904D13BF+1305743]
	Microsoft::Applications::Events::EventProperty::to_string [0x00007FF6904A6AA9+1131385]
	Microsoft::Applications::Events::EventProperty::to_string [0x00007FF6904A7B8F+1135711]
	Microsoft::Applications::Events::EventProperty::to_string [0x00007FF69053C2E5+1743797]
	Microsoft::Applications::Events::EventProperty::to_string [0x00007FF69053A771+1736769]
	Microsoft::Applications::Events::EventProperty::EventProperty [0x00007FF69071B519+2521]
	Microsoft::Applications::Events::EventProperty::to_string [0x00007FF6905120AE+1571198]
	Microsoft::Applications::Events::ILogConfiguration::ILogConfiguration [0x00007FF69084576C+27260]
	Microsoft::Applications::Events::ILogConfiguration::ILogConfiguration [0x00007FF6908450E4+25588]
	Microsoft::Applications::Events::ILogConfiguration::ILogConfiguration [0x00007FF690844F36+25158]
	Microsoft::Applications::Events::EventProperties::GetName [0x00007FF6907A02DC+211724]
	BaseThreadInitThunk [0x00007FFD1A957034+20]
	RtlUserThreadStart [0x00007FFD1C762651+33]

	at sun.reflect.NativeConstructorAccessorImpl.newInstance0(Native Method)
	at sun.reflect.NativeConstructorAccessorImpl.newInstance(Unknown Source)
	at sun.reflect.DelegatingConstructorAccessorImpl.newInstance(Unknown Source)
	at java.lang.reflect.Constructor.newInstance(Unknown Source)
	at org.openqa.selenium.remote.W3CHandshakeResponse.lambda$errorHandler$0(W3CHandshakeResponse.java:62)
	at org.openqa.selenium.remote.HandshakeResponse.lambda$getResponseFunction$0(HandshakeResponse.java:30)
	at org.openqa.selenium.remote.ProtocolHandshake.lambda$createSession$0(ProtocolHandshake.java:126)
	at java.util.stream.ReferencePipeline$3$1.accept(Unknown Source)
	at java.util.Spliterators$ArraySpliterator.tryAdvance(Unknown Source)
	at java.util.stream.ReferencePipeline.forEachWithCancel(Unknown Source)
	at java.util.stream.AbstractPipeline.copyIntoWithCancel(Unknown Source)
	at java.util.stream.AbstractPipeline.copyInto(Unknown Source)
	at java.util.stream.AbstractPipeline.wrapAndCopyInto(Unknown Source)
	at java.util.stream.FindOps$FindOp.evaluateSequential(Unknown Source)
	at java.util.stream.AbstractPipeline.evaluate(Unknown Source)
	at java.util.stream.ReferencePipeline.findFirst(Unknown Source)
	at org.openqa.selenium.remote.ProtocolHandshake.createSession(ProtocolHandshake.java:128)
	at org.openqa.selenium.remote.ProtocolHandshake.createSession(ProtocolHandshake.java:74)
	at org.openqa.selenium.remote.HttpCommandExecutor.execute(HttpCommandExecutor.java:136)
	at org.openqa.selenium.remote.service.DriverCommandExecutor.execute(DriverCommandExecutor.java:83)
	at org.openqa.selenium.remote.RemoteWebDriver.execute(RemoteWebDriver.java:552)
	at org.openqa.selenium.remote.RemoteWebDriver.startSession(RemoteWebDriver.java:213)
	at org.openqa.selenium.remote.RemoteWebDriver.<init>(RemoteWebDriver.java:131)
	at org.openqa.selenium.edge.EdgeDriver.<init>(EdgeDriver.java:141)
	at org.openqa.selenium.edge.EdgeDriver.<init>(EdgeDriver.java:96)
	at testpackage.EdgeTest.test(EdgeTest.java:18)
	at sun.reflect.NativeMethodAccessorImpl.invoke0(Native Method)
	at sun.reflect.NativeMethodAccessorImpl.invoke(Unknown Source)
	at sun.reflect.DelegatingMethodAccessorImpl.invoke(Unknown Source)
	at java.lang.reflect.Method.invoke(Unknown Source)
	at org.testng.internal.MethodInvocationHelper.invokeMethod(MethodInvocationHelper.java:80)
	at org.testng.internal.Invoker.invokeMethod(Invoker.java:714)
	at org.testng.internal.Invoker.invokeTestMethod(Invoker.java:901)
	at org.testng.internal.Invoker.invokeTestMethods(Invoker.java:1231)
	at org.testng.internal.TestMethodWorker.invokeTestMethods(TestMethodWorker.java:127)
	at org.testng.internal.TestMethodWorker.run(TestMethodWorker.java:111)
	at org.testng.TestRunner.privateRun(TestRunner.java:767)
	at org.testng.TestRunner.run(TestRunner.java:617)
	at org.testng.SuiteRunner.runTest(SuiteRunner.java:334)
	at org.testng.SuiteRunner.runSequentially(SuiteRunner.java:329)
	at org.testng.SuiteRunner.privateRun(SuiteRunner.java:291)
	at org.testng.SuiteRunner.run(SuiteRunner.java:240)
	at org.testng.SuiteRunnerWorker.runSuite(SuiteRunnerWorker.java:52)
	at org.testng.SuiteRunnerWorker.run(SuiteRunnerWorker.java:86)
	at org.testng.TestNG.runSuitesSequentially(TestNG.java:1198)
	at org.testng.TestNG.runSuitesLocally(TestNG.java:1123)
	at org.testng.TestNG.run(TestNG.java:1031)
	at org.testng.remote.AbstractRemoteTestNG.run(AbstractRemoteTestNG.java:115)
	at org.testng.remote.RemoteTestNG.initAndRun(RemoteTestNG.java:251)
	at org.testng.remote.RemoteTestNG.main(RemoteTestNG.java:77)
]]>
    </failure>
  </testcase> <!-- test -->
</testsuite> <!-- testpackage.EdgeTest -->
