<?xml version="1.0" encoding="UTF-8"?>
<!-- Generated by org.testng.reporters.JUnitReportReporter -->
<testsuite hostname="C40LAP-12928" name="testpackage.MavenTest1" tests="1" failures="0" timestamp="15 Feb 2022 07:38:49 GMT" time="25.526" errors="0">
  <testcase name="test" time="25.526" classname="testpackage.MavenTest1"/>
</testsuite> <!-- testpackage.MavenTest1 -->
